<?xml version="1.0" encoding="UTF-8"?>
<!-- Generated by org.testng.reporters.JUnitReportReporter -->
<testsuite hostname="DESKTOP-9MJN95Q" name="com.test.webPages.GoogleTranslateAssignmentTest" tests="1" failures="0" timestamp="4 Jul 2022 02:33:32 GMT" time="162.231" errors="0">
  <testcase name="firstTest" time="162.231" classname="com.test.webPages.GoogleTranslateAssignmentTest"/>
</testsuite> <!-- com.test.webPages.GoogleTranslateAssignmentTest -->
